examples/demos/build/outputs/logs/manifest-merger-debug-report.txt
-- Merging decision tree log ---
meta-data#castlabs-license
INJECTED from src\main\AndroidManifest.xml:12:9-14:50
	android:value
		INJECTED from src\main\AndroidManifest.xml
		ADDED from src\main\AndroidManifest.xml:14:13-47
	android:name
		ADDED from src\main\AndroidManifest.xml:13:13-44
manifest
ADDED from src\main\AndroidManifest.xml:2:1-60:12
INJECTED from src\main\AndroidManifest.xml:2:1-60:12
INJECTED from src\main\AndroidManifest.xml:2:1-60:12
INJECTED from src\main\AndroidManifest.xml:2:1-60:12
MERGED from [com.castlabs.player:player-ui-plugin:4.2.0] AndroidManifest.xml:2:1-10:12
MERGED from [com.castlabs.player:oma-plugin:4.2.0] AndroidManifest.xml:2:1-11:12
MERGED from [com.castlabs.player:subtitles-plugin:4.2.0] AndroidManifest.xml:2:1-11:12
MERGED from [com.castlabs.player:ima-plugin:4.2.0] AndroidManifest.xml:2:1-10:12
MERGED from [com.castlabs.player:debug-plugin:4.2.0] AndroidManifest.xml:2:1-10:12
MERGED from [com.castlabs.player:drm-device-time-checker-plugin:4.2.0] AndroidManifest.xml:2:1-22:12
MERGED from [com.castlabs.player:okhttp-plugin:4.2.0] AndroidManifest.xml:2:1-10:12
MERGED from [com.castlabs.player:castlabs-sdk:4.2.0] AndroidManifest.xml:2:1-26:12
MERGED from [com.android.support:design:27.0.0] AndroidManifest.xml:17:1-22:12
MERGED from [com.android.support:appcompat-v7:27.0.0] AndroidManifest.xml:17:1-22:12
MERGED from [com.google.android.exoplayer:extensions-ima:r2.8.0-cl-7ed6e70] AndroidManifest.xml:17:1-28:12
MERGED from [com.google.android.gms:play-services-auth:11.0.4] AndroidManifest.xml:16:1-26:12
MERGED from [com.google.android.gms:play-services-auth-base:11.0.4] AndroidManifest.xml:2:1-5:12
MERGED from [com.google.android.gms:play-services-ads:11.0.4] AndroidManifest.xml:16:1-18:12
MERGED from [com.google.android.gms:play-services-clearcut:11.0.4] AndroidManifest.xml:16:1-19:12
MERGED from [com.google.android.gms:play-services-safetynet:11.0.4] AndroidManifest.xml:16:1-19:12
MERGED from [com.google.android.gms:play-services-base:11.0.4] AndroidManifest.xml:16:1-21:12
MERGED from [com.google.android.gms:play-services-tasks:11.0.4] AndroidManifest.xml:2:1-5:12
MERGED from [com.google.android.gms:play-services-ads-lite:11.0.4] AndroidManifest.xml:16:1-27:12
MERGED from [com.google.android.gms:play-services-gass:11.0.4] AndroidManifest.xml:2:1-5:12
MERGED from [com.google.android.gms:play-services-basement:11.0.4] AndroidManifest.xml:16:1-23:12
MERGED from [com.android.support:support-v4:27.0.0] AndroidManifest.xml:17:1-22:12
MERGED from [com.castlabs.abr:castlabs-abr:0.9.2] AndroidManifest.xml:2:1-9:12
MERGED from [com.google.android.exoplayer:library-dash:r2.8.0-cl-7ed6e70] AndroidManifest.xml:17:1-24:12
MERGED from [com.google.android.exoplayer:library-hls:r2.8.0-cl-7ed6e70] AndroidManifest.xml:17:1-24:12
MERGED from [com.google.android.exoplayer:library-smoothstreaming:r2.8.0-cl-7ed6e70] AndroidManifest.xml:17:1-24:12
MERGED from [com.google.android.exoplayer:library-ui:r2.8.0-cl-7ed6e70] AndroidManifest.xml:17:1-24:12
MERGED from [com.google.android.exoplayer:library-core:r2.8.0-cl-7ed6e70] AndroidManifest.xml:17:1-26:12
MERGED from [com.android.support:support-fragment:27.0.0] AndroidManifest.xml:17:1-22:12
MERGED from [com.android.support:support-core-utils:27.0.0] AndroidManifest.xml:17:1-22:12
MERGED from [com.android.support:animated-vector-drawable:27.0.0] AndroidManifest.xml:17:1-22:12
MERGED from [com.android.support:support-vector-drawable:27.0.0] AndroidManifest.xml:17:1-22:12
MERGED from [com.android.support:recyclerview-v7:27.0.0] AndroidManifest.xml:17:1-22:12
MERGED from [com.android.support:transition:27.0.0] AndroidManifest.xml:17:1-22:12
MERGED from [com.android.support:support-media-compat:27.0.0] AndroidManifest.xml:17:1-22:12
MERGED from [com.android.support:support-core-ui:27.0.0] AndroidManifest.xml:17:1-22:12
MERGED from [com.android.support:support-compat:27.0.0] AndroidManifest.xml:17:1-22:12
MERGED from [android.arch.lifecycle:runtime:1.0.0] AndroidManifest.xml:17:1-30:12
INJECTED from src\main\AndroidManifest.xml:2:1-60:12
INJECTED from src\main\AndroidManifest.xml:2:1-60:12
INJECTED from src\main\AndroidManifest.xml:2:1-60:12
	package
		ADDED from src\main\AndroidManifest.xml:3:5-37
		INJECTED from src\main\AndroidManifest.xml
		INJECTED from src\main\AndroidManifest.xml
	android:versionName
		INJECTED from src\main\AndroidManifest.xml
		ADDED from src\main\AndroidManifest.xml:2:1-60:12
		INJECTED from src\main\AndroidManifest.xml
	android:versionCode
		INJECTED from src\main\AndroidManifest.xml
		ADDED from src\main\AndroidManifest.xml:2:1-60:12
		INJECTED from src\main\AndroidManifest.xml
	xmlns:android
		ADDED from src\main\AndroidManifest.xml:2:11-69
application
ADDED from src\main\AndroidManifest.xml:5:5-58:19
MERGED from [com.castlabs.player:drm-device-time-checker-plugin:4.2.0] AndroidManifest.xml:12:5-20:19
MERGED from [com.castlabs.player:drm-device-time-checker-plugin:4.2.0] AndroidManifest.xml:12:5-20:19
MERGED from [com.castlabs.player:castlabs-sdk:4.2.0] AndroidManifest.xml:15:5-24:19
MERGED from [com.castlabs.player:castlabs-sdk:4.2.0] AndroidManifest.xml:15:5-24:19
MERGED from [com.google.android.gms:play-services-auth:11.0.4] AndroidManifest.xml:19:5-25:19
MERGED from [com.google.android.gms:play-services-auth:11.0.4] AndroidManifest.xml:19:5-25:19
MERGED from [com.google.android.gms:play-services-clearcut:11.0.4] AndroidManifest.xml:18:5-19
MERGED from [com.google.android.gms:play-services-clearcut:11.0.4] AndroidManifest.xml:18:5-19
MERGED from [com.google.android.gms:play-services-safetynet:11.0.4] AndroidManifest.xml:18:5-19
MERGED from [com.google.android.gms:play-services-safetynet:11.0.4] AndroidManifest.xml:18:5-19
MERGED from [com.google.android.gms:play-services-base:11.0.4] AndroidManifest.xml:18:5-20:19
MERGED from [com.google.android.gms:play-services-base:11.0.4] AndroidManifest.xml:18:5-20:19
MERGED from [com.google.android.gms:play-services-tasks:11.0.4] AndroidManifest.xml:4:5-19
MERGED from [com.google.android.gms:play-services-tasks:11.0.4] AndroidManifest.xml:4:5-19
MERGED from [com.google.android.gms:play-services-ads-lite:11.0.4] AndroidManifest.xml:23:5-26:19
MERGED from [com.google.android.gms:play-services-ads-lite:11.0.4] AndroidManifest.xml:23:5-26:19
MERGED from [com.google.android.gms:play-services-gass:11.0.4] AndroidManifest.xml:4:5-19
MERGED from [com.google.android.gms:play-services-gass:11.0.4] AndroidManifest.xml:4:5-19
MERGED from [com.google.android.gms:play-services-basement:11.0.4] AndroidManifest.xml:19:5-21:19
MERGED from [com.google.android.gms:play-services-basement:11.0.4] AndroidManifest.xml:19:5-21:19
MERGED from [android.arch.lifecycle:runtime:1.0.0] AndroidManifest.xml:24:5-28:19
MERGED from [android.arch.lifecycle:runtime:1.0.0] AndroidManifest.xml:24:5-28:19
	android:supportsRtl
		ADDED from src\main\AndroidManifest.xml:10:9-35
	android:label
		ADDED from src\main\AndroidManifest.xml:9:9-41
	android:icon
		ADDED from src\main\AndroidManifest.xml:8:9-43
	android:allowBackup
		ADDED from src\main\AndroidManifest.xml:7:9-35
	android:theme
		ADDED from src\main\AndroidManifest.xml:11:9-40
	android:name
		ADDED from src\main\AndroidManifest.xml:6:9-32
meta-data#com.peer5.ApiKey
ADDED from src\main\AndroidManifest.xml:16:9-18:52
	android:value
		ADDED from src\main\AndroidManifest.xml:18:13-49
	android:name
		ADDED from src\main\AndroidManifest.xml:17:13-44
activity#com.castlabs.sdk.demos.MainActivity
ADDED from src\main\AndroidManifest.xml:20:9-26:20
	android:name
		ADDED from src\main\AndroidManifest.xml:20:19-47
intent-filter#action:name:android.intent.action.MAIN+category:name:android.intent.category.LAUNCHER
ADDED from src\main\AndroidManifest.xml:21:13-25:29
action#android.intent.action.MAIN
ADDED from src\main\AndroidManifest.xml:22:17-69
	android:name
		ADDED from src\main\AndroidManifest.xml:22:25-66
category#android.intent.category.LAUNCHER
ADDED from src\main\AndroidManifest.xml:24:17-77
	android:name
		ADDED from src\main\AndroidManifest.xml:24:27-74
activity#com.castlabs.sdk.demos.SimplePlaybackDemo
ADDED from src\main\AndroidManifest.xml:27:9-36:20
	android:parentActivityName
		ADDED from src\main\AndroidManifest.xml:31:13-55
	android:label
		ADDED from src\main\AndroidManifest.xml:30:13-72
	android:configChanges
		ADDED from src\main\AndroidManifest.xml:29:13-74
	android:theme
		ADDED from src\main\AndroidManifest.xml:32:13-47
	android:name
		ADDED from src\main\AndroidManifest.xml:28:13-47
meta-data#android.support.PARENT_ACTIVITY
ADDED from src\main\AndroidManifest.xml:33:13-35:71
	android:value
		ADDED from src\main\AndroidManifest.xml:35:17-68
	android:name
		ADDED from src\main\AndroidManifest.xml:34:17-63
activity#com.castlabs.sdk.demos.PlaybackWithSurfaceDemo
ADDED from src\main\AndroidManifest.xml:38:9-47:20
	android:parentActivityName
		ADDED from src\main\AndroidManifest.xml:42:13-55
	android:label
		ADDED from src\main\AndroidManifest.xml:41:13-72
	android:configChanges
		ADDED from src\main\AndroidManifest.xml:40:13-74
	android:theme
		ADDED from src\main\AndroidManifest.xml:43:13-47
	android:name
		ADDED from src\main\AndroidManifest.xml:39:13-52
activity#com.castlabs.sdk.demos.SimplePlayServiceDemo
ADDED from src\main\AndroidManifest.xml:48:9-57:20
	android:parentActivityName
		ADDED from src\main\AndroidManifest.xml:52:13-55
	android:label
		ADDED from src\main\AndroidManifest.xml:51:13-72
	android:configChanges
		ADDED from src\main\AndroidManifest.xml:50:13-74
	android:theme
		ADDED from src\main\AndroidManifest.xml:53:13-47
	android:name
		ADDED from src\main\AndroidManifest.xml:49:13-50
uses-sdk
INJECTED from src\main\AndroidManifest.xml reason: use-sdk injection requested
INJECTED from src\main\AndroidManifest.xml
INJECTED from src\main\AndroidManifest.xml
MERGED from [com.castlabs.player:player-ui-plugin:4.2.0] AndroidManifest.xml:6:5-8:41
MERGED from [com.castlabs.player:player-ui-plugin:4.2.0] AndroidManifest.xml:6:5-8:41
MERGED from [com.castlabs.player:oma-plugin:4.2.0] AndroidManifest.xml:7:5-9:41
MERGED from [com.castlabs.player:oma-plugin:4.2.0] AndroidManifest.xml:7:5-9:41
MERGED from [com.castlabs.player:subtitles-plugin:4.2.0] AndroidManifest.xml:7:5-9:41
MERGED from [com.castlabs.player:subtitles-plugin:4.2.0] AndroidManifest.xml:7:5-9:41
MERGED from [com.castlabs.player:ima-plugin:4.2.0] AndroidManifest.xml:6:5-8:41
MERGED from [com.castlabs.player:ima-plugin:4.2.0] AndroidManifest.xml:6:5-8:41
MERGED from [com.castlabs.player:debug-plugin:4.2.0] AndroidManifest.xml:6:5-8:41
MERGED from [com.castlabs.player:debug-plugin:4.2.0] AndroidManifest.xml:6:5-8:41
MERGED from [com.castlabs.player:drm-device-time-checker-plugin:4.2.0] AndroidManifest.xml:6:5-8:41
MERGED from [com.castlabs.player:drm-device-time-checker-plugin:4.2.0] AndroidManifest.xml:6:5-8:41
MERGED from [com.castlabs.player:okhttp-plugin:4.2.0] AndroidManifest.xml:6:5-8:41
MERGED from [com.castlabs.player:okhttp-plugin:4.2.0] AndroidManifest.xml:6:5-8:41
MERGED from [com.castlabs.player:castlabs-sdk:4.2.0] AndroidManifest.xml:7:5-9:41
MERGED from [com.castlabs.player:castlabs-sdk:4.2.0] AndroidManifest.xml:7:5-9:41
MERGED from [com.android.support:design:27.0.0] AndroidManifest.xml:20:5-44
MERGED from [com.android.support:design:27.0.0] AndroidManifest.xml:20:5-44
MERGED from [com.android.support:appcompat-v7:27.0.0] AndroidManifest.xml:20:5-44
MERGED from [com.android.support:appcompat-v7:27.0.0] AndroidManifest.xml:20:5-44
MERGED from [com.google.android.exoplayer:extensions-ima:r2.8.0-cl-7ed6e70] AndroidManifest.xml:20:5-22:41
MERGED from [com.google.android.exoplayer:extensions-ima:r2.8.0-cl-7ed6e70] AndroidManifest.xml:20:5-22:41
MERGED from [com.google.android.gms:play-services-auth:11.0.4] AndroidManifest.xml:17:5-43
MERGED from [com.google.android.gms:play-services-auth:11.0.4] AndroidManifest.xml:17:5-43
MERGED from [com.google.android.gms:play-services-auth-base:11.0.4] AndroidManifest.xml:4:5-43
MERGED from [com.google.android.gms:play-services-auth-base:11.0.4] AndroidManifest.xml:4:5-43
MERGED from [com.google.android.gms:play-services-ads:11.0.4] AndroidManifest.xml:17:5-43
MERGED from [com.google.android.gms:play-services-ads:11.0.4] AndroidManifest.xml:17:5-43
MERGED from [com.google.android.gms:play-services-clearcut:11.0.4] AndroidManifest.xml:17:5-43
MERGED from [com.google.android.gms:play-services-clearcut:11.0.4] AndroidManifest.xml:17:5-43
MERGED from [com.google.android.gms:play-services-safetynet:11.0.4] AndroidManifest.xml:17:5-43
MERGED from [com.google.android.gms:play-services-safetynet:11.0.4] AndroidManifest.xml:17:5-43
MERGED from [com.google.android.gms:play-services-base:11.0.4] AndroidManifest.xml:17:5-43
MERGED from [com.google.android.gms:play-services-base:11.0.4] AndroidManifest.xml:17:5-43
MERGED from [com.google.android.gms:play-services-tasks:11.0.4] AndroidManifest.xml:3:5-43
MERGED from [com.google.android.gms:play-services-tasks:11.0.4] AndroidManifest.xml:3:5-43
MERGED from [com.google.android.gms:play-services-ads-lite:11.0.4] AndroidManifest.xml:22:5-43
MERGED from [com.google.android.gms:play-services-ads-lite:11.0.4] AndroidManifest.xml:22:5-43
MERGED from [com.google.android.gms:play-services-gass:11.0.4] AndroidManifest.xml:3:5-43
MERGED from [com.google.android.gms:play-services-gass:11.0.4] AndroidManifest.xml:3:5-43
MERGED from [com.google.android.gms:play-services-basement:11.0.4] AndroidManifest.xml:17:5-43
MERGED from [com.google.android.gms:play-services-basement:11.0.4] AndroidManifest.xml:17:5-43
MERGED from [com.android.support:support-v4:27.0.0] AndroidManifest.xml:20:5-44
MERGED from [com.android.support:support-v4:27.0.0] AndroidManifest.xml:20:5-44
MERGED from [com.castlabs.abr:castlabs-abr:0.9.2] AndroidManifest.xml:5:5-7:41
MERGED from [com.castlabs.abr:castlabs-abr:0.9.2] AndroidManifest.xml:5:5-7:41
MERGED from [com.google.android.exoplayer:library-dash:r2.8.0-cl-7ed6e70] AndroidManifest.xml:20:5-22:41
MERGED from [com.google.android.exoplayer:library-dash:r2.8.0-cl-7ed6e70] AndroidManifest.xml:20:5-22:41
MERGED from [com.google.android.exoplayer:library-hls:r2.8.0-cl-7ed6e70] AndroidManifest.xml:20:5-22:41
MERGED from [com.google.android.exoplayer:library-hls:r2.8.0-cl-7ed6e70] AndroidManifest.xml:20:5-22:41
MERGED from [com.google.android.exoplayer:library-smoothstreaming:r2.8.0-cl-7ed6e70] AndroidManifest.xml:20:5-22:41
MERGED from [com.google.android.exoplayer:library-smoothstreaming:r2.8.0-cl-7ed6e70] AndroidManifest.xml:20:5-22:41
MERGED from [com.google.android.exoplayer:library-ui:r2.8.0-cl-7ed6e70] AndroidManifest.xml:20:5-22:41
MERGED from [com.google.android.exoplayer:library-ui:r2.8.0-cl-7ed6e70] AndroidManifest.xml:20:5-22:41
MERGED from [com.google.android.exoplayer:library-core:r2.8.0-cl-7ed6e70] AndroidManifest.xml:20:5-22:41
MERGED from [com.google.android.exoplayer:library-core:r2.8.0-cl-7ed6e70] AndroidManifest.xml:20:5-22:41
MERGED from [com.android.support:support-fragment:27.0.0] AndroidManifest.xml:20:5-44
MERGED from [com.android.support:support-fragment:27.0.0] AndroidManifest.xml:20:5-44
MERGED from [com.android.support:support-core-utils:27.0.0] AndroidManifest.xml:20:5-44
MERGED from [com.android.support:support-core-utils:27.0.0] AndroidManifest.xml:20:5-44
MERGED from [com.android.support:animated-vector-drawable:27.0.0] AndroidManifest.xml:20:5-44
MERGED from [com.android.support:animated-vector-drawable:27.0.0] AndroidManifest.xml:20:5-44
MERGED from [com.android.support:support-vector-drawable:27.0.0] AndroidManifest.xml:20:5-44
MERGED from [com.android.support:support-vector-drawable:27.0.0] AndroidManifest.xml:20:5-44
MERGED from [com.android.support:recyclerview-v7:27.0.0] AndroidManifest.xml:20:5-44
MERGED from [com.android.support:recyclerview-v7:27.0.0] AndroidManifest.xml:20:5-44
MERGED from [com.android.support:transition:27.0.0] AndroidManifest.xml:20:5-44
MERGED from [com.android.support:transition:27.0.0] AndroidManifest.xml:20:5-44
MERGED from [com.android.support:support-media-compat:27.0.0] AndroidManifest.xml:20:5-44
MERGED from [com.android.support:support-media-compat:27.0.0] AndroidManifest.xml:20:5-44
MERGED from [com.android.support:support-core-ui:27.0.0] AndroidManifest.xml:20:5-44
MERGED from [com.android.support:support-core-ui:27.0.0] AndroidManifest.xml:20:5-44
MERGED from [com.android.support:support-compat:27.0.0] AndroidManifest.xml:20:5-44
MERGED from [com.android.support:support-compat:27.0.0] AndroidManifest.xml:20:5-44
MERGED from [android.arch.lifecycle:runtime:1.0.0] AndroidManifest.xml:20:5-22:41
MERGED from [android.arch.lifecycle:runtime:1.0.0] AndroidManifest.xml:20:5-22:41
INJECTED from src\main\AndroidManifest.xml
INJECTED from src\main\AndroidManifest.xml
	android:targetSdkVersion
		INJECTED from src\main\AndroidManifest.xml
		ADDED from src\main\AndroidManifest.xml
		INJECTED from src\main\AndroidManifest.xml
	android:minSdkVersion
		INJECTED from src\main\AndroidManifest.xml
		ADDED from src\main\AndroidManifest.xml
		INJECTED from src\main\AndroidManifest.xml
uses-permission#android.permission.RECEIVE_BOOT_COMPLETED
ADDED from [com.castlabs.player:drm-device-time-checker-plugin:4.2.0] AndroidManifest.xml:10:5-81
	android:name
		ADDED from [com.castlabs.player:drm-device-time-checker-plugin:4.2.0] AndroidManifest.xml:10:22-78
receiver#com.castlabs.sdk.drm.TimeChangeReceiver
ADDED from [com.castlabs.player:drm-device-time-checker-plugin:4.2.0] AndroidManifest.xml:13:9-19:20
	android:name
		ADDED from [com.castlabs.player:drm-device-time-checker-plugin:4.2.0] AndroidManifest.xml:13:19-73
intent-filter#action:name:android.intent.action.ACTION_BOOT_COMPLETED+action:name:android.intent.action.BOOT_COMPLETED+action:name:android.intent.action.TIME_SET
ADDED from [com.castlabs.player:drm-device-time-checker-plugin:4.2.0] AndroidManifest.xml:14:13-18:29
action#android.intent.action.TIME_SET
ADDED from [com.castlabs.player:drm-device-time-checker-plugin:4.2.0] AndroidManifest.xml:15:17-73
	android:name
		ADDED from [com.castlabs.player:drm-device-time-checker-plugin:4.2.0] AndroidManifest.xml:15:25-70
action#android.intent.action.BOOT_COMPLETED
ADDED from [com.castlabs.player:drm-device-time-checker-plugin:4.2.0] AndroidManifest.xml:16:17-79
	android:name
		ADDED from [com.castlabs.player:drm-device-time-checker-plugin:4.2.0] AndroidManifest.xml:16:25-76
action#android.intent.action.ACTION_BOOT_COMPLETED
ADDED from [com.castlabs.player:drm-device-time-checker-plugin:4.2.0] AndroidManifest.xml:17:17-86
	android:name
		ADDED from [com.castlabs.player:drm-device-time-checker-plugin:4.2.0] AndroidManifest.xml:17:25-83
uses-permission#android.permission.INTERNET
ADDED from [com.castlabs.player:castlabs-sdk:4.2.0] AndroidManifest.xml:11:5-67
MERGED from [com.google.android.gms:play-services-ads-lite:11.0.4] AndroidManifest.xml:19:5-66
MERGED from [com.google.android.gms:play-services-ads-lite:11.0.4] AndroidManifest.xml:19:5-66
	android:name
		ADDED from [com.castlabs.player:castlabs-sdk:4.2.0] AndroidManifest.xml:11:22-64
uses-permission#android.permission.WRITE_EXTERNAL_STORAGE
ADDED from [com.castlabs.player:castlabs-sdk:4.2.0] AndroidManifest.xml:12:5-81
	android:name
		ADDED from [com.castlabs.player:castlabs-sdk:4.2.0] AndroidManifest.xml:12:22-78
uses-permission#android.permission.ACCESS_NETWORK_STATE
ADDED from [com.castlabs.player:castlabs-sdk:4.2.0] AndroidManifest.xml:13:5-79
MERGED from [com.google.android.gms:play-services-ads-lite:11.0.4] AndroidManifest.xml:20:5-78
MERGED from [com.google.android.gms:play-services-ads-lite:11.0.4] AndroidManifest.xml:20:5-78
MERGED from [com.google.android.exoplayer:library-core:r2.8.0-cl-7ed6e70] AndroidManifest.xml:24:5-79
MERGED from [com.google.android.exoplayer:library-core:r2.8.0-cl-7ed6e70] AndroidManifest.xml:24:5-79
	android:name
		ADDED from [com.castlabs.player:castlabs-sdk:4.2.0] AndroidManifest.xml:13:22-76
service#com.castlabs.android.player.PlayerService
ADDED from [com.castlabs.player:castlabs-sdk:4.2.0] AndroidManifest.xml:16:9-19:40
	android:enabled
		ADDED from [com.castlabs.player:castlabs-sdk:4.2.0] AndroidManifest.xml:18:13-35
	android:exported
		ADDED from [com.castlabs.player:castlabs-sdk:4.2.0] AndroidManifest.xml:19:13-37
	android:name
		ADDED from [com.castlabs.player:castlabs-sdk:4.2.0] AndroidManifest.xml:17:13-69
meta-data#player_sdk_error_handling
ADDED from [com.castlabs.player:castlabs-sdk:4.2.0] AndroidManifest.xml:21:9-23:38
	android:value
		ADDED from [com.castlabs.player:castlabs-sdk:4.2.0] AndroidManifest.xml:23:13-35
	android:name
		ADDED from [com.castlabs.player:castlabs-sdk:4.2.0] AndroidManifest.xml:22:13-53
meta-data#com.google.android.gms.version
ADDED from [com.google.android.exoplayer:extensions-ima:r2.8.0-cl-7ed6e70] AndroidManifest.xml:24:5-26:65
	android:value
		ADDED from [com.google.android.exoplayer:extensions-ima:r2.8.0-cl-7ed6e70] AndroidManifest.xml:26:9-62
	android:name
		ADDED from [com.google.android.exoplayer:extensions-ima:r2.8.0-cl-7ed6e70] AndroidManifest.xml:25:9-54
activity#com.google.android.gms.auth.api.signin.internal.SignInHubActivity
ADDED from [com.google.android.gms:play-services-auth:11.0.4] AndroidManifest.xml:20:9-189
	android:excludeFromRecents
		ADDED from [com.google.android.gms:play-services-auth:11.0.4] AndroidManifest.xml:20:129-162
	android:exported
		ADDED from [com.google.android.gms:play-services-auth:11.0.4] AndroidManifest.xml:20:163-187
	android:theme
		ADDED from [com.google.android.gms:play-services-auth:11.0.4] AndroidManifest.xml:20:69-128
	android:name
		ADDED from [com.google.android.gms:play-services-auth:11.0.4] AndroidManifest.xml:20:19-68
service#com.google.android.gms.auth.api.signin.RevocationBoundService
ADDED from [com.google.android.gms:play-services-auth:11.0.4] AndroidManifest.xml:24:9-184
	android:exported
		ADDED from [com.google.android.gms:play-services-auth:11.0.4] AndroidManifest.xml:24:64-87
	android:permission
		ADDED from [com.google.android.gms:play-services-auth:11.0.4] AndroidManifest.xml:24:88-182
	android:name
		ADDED from [com.google.android.gms:play-services-auth:11.0.4] AndroidManifest.xml:24:18-63
activity#com.google.android.gms.common.api.GoogleApiActivity
ADDED from [com.google.android.gms:play-services-base:11.0.4] AndroidManifest.xml:19:9-172
	android:exported
		ADDED from [com.google.android.gms:play-services-base:11.0.4] AndroidManifest.xml:19:146-170
	android:theme
		ADDED from [com.google.android.gms:play-services-base:11.0.4] AndroidManifest.xml:19:86-145
	android:name
		ADDED from [com.google.android.gms:play-services-base:11.0.4] AndroidManifest.xml:19:19-85
activity#com.google.android.gms.ads.AdActivity
ADDED from [com.google.android.gms:play-services-ads-lite:11.0.4] AndroidManifest.xml:25:9-232
	android:configChanges
		ADDED from [com.google.android.gms:play-services-ads-lite:11.0.4] AndroidManifest.xml:25:72-181
	android:theme
		ADDED from [com.google.android.gms:play-services-ads-lite:11.0.4] AndroidManifest.xml:25:182-230
	android:name
		ADDED from [com.google.android.gms:play-services-ads-lite:11.0.4] AndroidManifest.xml:25:19-71
meta-data#android.arch.lifecycle.VERSION
ADDED from [android.arch.lifecycle:runtime:1.0.0] AndroidManifest.xml:25:9-27:47
	android:value
		ADDED from [android.arch.lifecycle:runtime:1.0.0] AndroidManifest.xml:27:13-44
	android:name
		ADDED from [android.arch.lifecycle:runtime:1.0.0] AndroidManifest.xml:26:13-58